[{"line":1,"elements":[{"start_timestamp":"2024-11-03T10:58:45.639Z","line":3,"name":"Successful Login","description":"","id":"login-feature;successful-login","type":"scenario","keyword":"Scenario","steps":[{"result":{"duration":4025653200,"status":"passed"},"line":4,"name":"user is on the login page","match":{"location":"stepdefinitions.LoginSteps.userIsOnTheLoginPage()"},"keyword":"Given "},{"result":{"duration":211955000,"status":"passed"},"line":5,"name":"user enters username \"standard_user\" and password \"secret_sauce\"","match":{"arguments":[{"val":"\"standard_user\"","offset":21},{"val":"\"secret_sauce\"","offset":50}],"location":"stepdefinitions.LoginSteps.userEntersUsernameAndPassword(java.lang.String,java.lang.String)"},"keyword":"When "},{"result":{"error_message":"org.openqa.selenium.NoSuchElementException: no such element: Unable to locate element: {\"method\":\"css selector\",\"selector\":\".error-message-container\"}\n  (Session info: MicrosoftEdge=130.0.2849.56)\nFor documentation on this error, please visit: https://www.selenium.dev/documentation/webdriver/troubleshooting/errors#no-such-element-exception\nBuild info: version: '4.20.0', revision: '866c76ca80'\nSystem info: os.name: 'Windows 10', os.arch: 'amd64', os.version: '10.0', java.version: '17.0.11'\nDriver info: org.openqa.selenium.edge.EdgeDriver\nCommand: [843eac7975f0d53ad79b2e1e8a34e359, findElement {using=css selector, value=.error-message-container}]\nCapabilities {acceptInsecureCerts: false, browserName: MicrosoftEdge, browserVersion: 130.0.2849.56, fedcm:accounts: true, ms:edgeOptions: {debuggerAddress: localhost:50163}, msedge: {msedgedriverVersion: 130.0.2849.68 (ef504a70102b..., userDataDir: C:\\Users\\Fadhel\\AppData\\Loc...}, networkConnectionEnabled: false, pageLoadStrategy: normal, platformName: windows, proxy: Proxy(), se:cdp: ws://localhost:50163/devtoo..., se:cdpVersion: 130.0.2849.56, setWindowRect: true, strictFileInteractability: false, timeouts: {implicit: 0, pageLoad: 300000, script: 30000}, unhandledPromptBehavior: dismiss and notify, webauthn:extension:credBlob: true, webauthn:extension:largeBlob: true, webauthn:extension:minPinLength: true, webauthn:extension:prf: true, webauthn:virtualAuthenticators: true}\nSession ID: 843eac7975f0d53ad79b2e1e8a34e359\r\n\tat java.base/jdk.internal.reflect.NativeConstructorAccessorImpl.newInstance0(Native Method)\r\n\tat java.base/jdk.internal.reflect.NativeConstructorAccessorImpl.newInstance(NativeConstructorAccessorImpl.java:77)\r\n\tat java.base/jdk.internal.reflect.DelegatingConstructorAccessorImpl.newInstance(DelegatingConstructorAccessorImpl.java:45)\r\n\tat java.base/java.lang.reflect.Constructor.newInstanceWithCaller(Constructor.java:499)\r\n\tat java.base/java.lang.reflect.Constructor.newInstance(Constructor.java:480)\r\n\tat org.openqa.selenium.remote.ErrorCodec.decode(ErrorCodec.java:167)\r\n\tat org.openqa.selenium.remote.codec.w3c.W3CHttpResponseCodec.decode(W3CHttpResponseCodec.java:138)\r\n\tat org.openqa.selenium.remote.codec.w3c.W3CHttpResponseCodec.decode(W3CHttpResponseCodec.java:50)\r\n\tat org.openqa.selenium.remote.HttpCommandExecutor.execute(HttpCommandExecutor.java:190)\r\n\tat org.openqa.selenium.remote.service.DriverCommandExecutor.invokeExecute(DriverCommandExecutor.java:216)\r\n\tat org.openqa.selenium.remote.service.DriverCommandExecutor.execute(DriverCommandExecutor.java:174)\r\n\tat org.openqa.selenium.remote.RemoteWebDriver.execute(RemoteWebDriver.java:518)\r\n\tat org.openqa.selenium.remote.ElementLocation$ElementFinder$2.findElement(ElementLocation.java:165)\r\n\tat org.openqa.selenium.remote.ElementLocation.findElement(ElementLocation.java:59)\r\n\tat org.openqa.selenium.remote.RemoteWebDriver.findElement(RemoteWebDriver.java:355)\r\n\tat org.openqa.selenium.remote.RemoteWebDriver.findElement(RemoteWebDriver.java:349)\r\n\tat org.openqa.selenium.support.pagefactory.DefaultElementLocator.findElement(DefaultElementLocator.java:68)\r\n\tat org.openqa.selenium.support.pagefactory.internal.LocatingElementHandler.invoke(LocatingElementHandler.java:38)\r\n\tat jdk.proxy2/jdk.proxy2.$Proxy20.getText(Unknown Source)\r\n\tat pageobjects.LoginPage.getErrorMessage(LoginPage.java:35)\r\n\tat stepdefinitions.LoginSteps.userShouldSeeTheErrorMessage(LoginSteps.java:33)\r\n\tat ✽.user should see the error message \"Login successful\"(file:///C:/Users/Fadhel/Documents/SQA/ujian-mgg-lima/src/test/resources/features/tcAlogin.feature:6)\r\n","duration":17120400,"status":"failed"},"line":6,"name":"user should see the error message \"Login successful\"","match":{"arguments":[{"val":"\"Login successful\"","offset":34}],"location":"stepdefinitions.LoginSteps.userShouldSeeTheErrorMessage(java.lang.String)"},"keyword":"Then "}]},{"start_timestamp":"2024-11-03T10:58:49.934Z","line":8,"name":"Invalid Username","description":"","id":"login-feature;invalid-username","type":"scenario","keyword":"Scenario","steps":[{"result":{"duration":3292865300,"status":"passed"},"line":9,"name":"user is on the login page","match":{"location":"stepdefinitions.LoginSteps.userIsOnTheLoginPage()"},"keyword":"Given "},{"result":{"duration":241897100,"status":"passed"},"line":10,"name":"user enters username \"invalid_user\" and password \"secret_sauce\"","match":{"arguments":[{"val":"\"invalid_user\"","offset":21},{"val":"\"secret_sauce\"","offset":49}],"location":"stepdefinitions.LoginSteps.userEntersUsernameAndPassword(java.lang.String,java.lang.String)"},"keyword":"When "},{"result":{"error_message":"org.junit.ComparisonFailure: expected:<[]Username and passwor...> but was:<[Epic sadface: ]Username and passwor...>\r\n\tat org.junit.Assert.assertEquals(Assert.java:117)\r\n\tat org.junit.Assert.assertEquals(Assert.java:146)\r\n\tat stepdefinitions.LoginSteps.userShouldSeeTheErrorMessage(LoginSteps.java:33)\r\n\tat ✽.user should see the error message \"Username and password do not match any user in this service\"(file:///C:/Users/Fadhel/Documents/SQA/ujian-mgg-lima/src/test/resources/features/tcAlogin.feature:11)\r\n","duration":34906000,"status":"failed"},"line":11,"name":"user should see the error message \"Username and password do not match any user in this service\"","match":{"arguments":[{"val":"\"Username and password do not match any user in this service\"","offset":34}],"location":"stepdefinitions.LoginSteps.userShouldSeeTheErrorMessage(java.lang.String)"},"keyword":"Then "}]},{"start_timestamp":"2024-11-03T10:58:53.512Z","line":13,"name":"Invalid Password","description":"","id":"login-feature;invalid-password","type":"scenario","keyword":"Scenario","steps":[{"result":{"duration":2751188800,"status":"passed"},"line":14,"name":"user is on the login page","match":{"location":"stepdefinitions.LoginSteps.userIsOnTheLoginPage()"},"keyword":"Given "},{"result":{"duration":1168498200,"status":"passed"},"line":15,"name":"user enters username \"standard_user\" and password \"wrong_password\"","match":{"arguments":[{"val":"\"standard_user\"","offset":21},{"val":"\"wrong_password\"","offset":50}],"location":"stepdefinitions.LoginSteps.userEntersUsernameAndPassword(java.lang.String,java.lang.String)"},"keyword":"When "},{"result":{"error_message":"org.junit.ComparisonFailure: expected:<[]Username and passwor...> but was:<[Epic sadface: ]Username and passwor...>\r\n\tat org.junit.Assert.assertEquals(Assert.java:117)\r\n\tat org.junit.Assert.assertEquals(Assert.java:146)\r\n\tat stepdefinitions.LoginSteps.userShouldSeeTheErrorMessage(LoginSteps.java:33)\r\n\tat ✽.user should see the error message \"Username and password do not match any user in this service\"(file:///C:/Users/Fadhel/Documents/SQA/ujian-mgg-lima/src/test/resources/features/tcAlogin.feature:16)\r\n","duration":25929900,"status":"failed"},"line":16,"name":"user should see the error message \"Username and password do not match any user in this service\"","match":{"arguments":[{"val":"\"Username and password do not match any user in this service\"","offset":34}],"location":"stepdefinitions.LoginSteps.userShouldSeeTheErrorMessage(java.lang.String)"},"keyword":"Then "}]},{"start_timestamp":"2024-11-03T10:58:57.465Z","line":18,"name":"Blank Username","description":"","id":"login-feature;blank-username","type":"scenario","keyword":"Scenario","steps":[{"result":{"duration":4441088000,"status":"passed"},"line":19,"name":"user is on the login page","match":{"location":"stepdefinitions.LoginSteps.userIsOnTheLoginPage()"},"keyword":"Given "},{"result":{"duration":228807600,"status":"passed"},"line":20,"name":"user enters username \"\" and password \"secret_sauce\"","match":{"arguments":[{"val":"\"\"","offset":21},{"val":"\"secret_sauce\"","offset":37}],"location":"stepdefinitions.LoginSteps.userEntersUsernameAndPassword(java.lang.String,java.lang.String)"},"keyword":"When "},{"result":{"error_message":"org.junit.ComparisonFailure: expected:<[]Username is required> but was:<[Epic sadface: ]Username is required>\r\n\tat org.junit.Assert.assertEquals(Assert.java:117)\r\n\tat org.junit.Assert.assertEquals(Assert.java:146)\r\n\tat stepdefinitions.LoginSteps.userShouldSeeTheErrorMessage(LoginSteps.java:33)\r\n\tat ✽.user should see the error message \"Username is required\"(file:///C:/Users/Fadhel/Documents/SQA/ujian-mgg-lima/src/test/resources/features/tcAlogin.feature:21)\r\n","duration":36810700,"status":"failed"},"line":21,"name":"user should see the error message \"Username is required\"","match":{"arguments":[{"val":"\"Username is required\"","offset":34}],"location":"stepdefinitions.LoginSteps.userShouldSeeTheErrorMessage(java.lang.String)"},"keyword":"Then "}]}],"name":"Login Feature","description":"","id":"login-feature","keyword":"Feature","uri":"file:src/test/resources/features/tcAlogin.feature","tags":[]},{"line":1,"elements":[{"start_timestamp":"2024-11-03T10:59:02.185Z","line":3,"name":"Add Products to Cart","description":"","id":"cart-feature;add-products-to-cart","type":"scenario","keyword":"Scenario","steps":[{"result":{"duration":3496654800,"status":"passed"},"line":4,"name":"user is on the login page","match":{"location":"stepdefinitions.LoginSteps.userIsOnTheLoginPage()"},"keyword":"Given "},{"result":{"duration":212263800,"status":"passed"},"line":5,"name":"user enters username \"standard_user\" and password \"secret_sauce\"","match":{"arguments":[{"val":"\"standard_user\"","offset":21},{"val":"\"secret_sauce\"","offset":50}],"location":"stepdefinitions.LoginSteps.userEntersUsernameAndPassword(java.lang.String,java.lang.String)"},"keyword":"When "},{"result":{"error_message":"org.openqa.selenium.NoSuchElementException: no such element: Unable to locate element: {\"method\":\"css selector\",\"selector\":\".error-message-container\"}\n  (Session info: MicrosoftEdge=130.0.2849.56)\nFor documentation on this error, please visit: https://www.selenium.dev/documentation/webdriver/troubleshooting/errors#no-such-element-exception\nBuild info: version: '4.20.0', revision: '866c76ca80'\nSystem info: os.name: 'Windows 10', os.arch: 'amd64', os.version: '10.0', java.version: '17.0.11'\nDriver info: org.openqa.selenium.edge.EdgeDriver\nCommand: [17329049a9b55051291da5450a993f31, findElement {using=css selector, value=.error-message-container}]\nCapabilities {acceptInsecureCerts: false, browserName: MicrosoftEdge, browserVersion: 130.0.2849.56, fedcm:accounts: true, ms:edgeOptions: {debuggerAddress: localhost:50372}, msedge: {msedgedriverVersion: 130.0.2849.68 (ef504a70102b..., userDataDir: C:\\Users\\Fadhel\\AppData\\Loc...}, networkConnectionEnabled: false, pageLoadStrategy: normal, platformName: windows, proxy: Proxy(), se:cdp: ws://localhost:50372/devtoo..., se:cdpVersion: 130.0.2849.56, setWindowRect: true, strictFileInteractability: false, timeouts: {implicit: 0, pageLoad: 300000, script: 30000}, unhandledPromptBehavior: dismiss and notify, webauthn:extension:credBlob: true, webauthn:extension:largeBlob: true, webauthn:extension:minPinLength: true, webauthn:extension:prf: true, webauthn:virtualAuthenticators: true}\nSession ID: 17329049a9b55051291da5450a993f31\r\n\tat java.base/jdk.internal.reflect.NativeConstructorAccessorImpl.newInstance0(Native Method)\r\n\tat java.base/jdk.internal.reflect.NativeConstructorAccessorImpl.newInstance(NativeConstructorAccessorImpl.java:77)\r\n\tat java.base/jdk.internal.reflect.DelegatingConstructorAccessorImpl.newInstance(DelegatingConstructorAccessorImpl.java:45)\r\n\tat java.base/java.lang.reflect.Constructor.newInstanceWithCaller(Constructor.java:499)\r\n\tat java.base/java.lang.reflect.Constructor.newInstance(Constructor.java:480)\r\n\tat org.openqa.selenium.remote.ErrorCodec.decode(ErrorCodec.java:167)\r\n\tat org.openqa.selenium.remote.codec.w3c.W3CHttpResponseCodec.decode(W3CHttpResponseCodec.java:138)\r\n\tat org.openqa.selenium.remote.codec.w3c.W3CHttpResponseCodec.decode(W3CHttpResponseCodec.java:50)\r\n\tat org.openqa.selenium.remote.HttpCommandExecutor.execute(HttpCommandExecutor.java:190)\r\n\tat org.openqa.selenium.remote.service.DriverCommandExecutor.invokeExecute(DriverCommandExecutor.java:216)\r\n\tat org.openqa.selenium.remote.service.DriverCommandExecutor.execute(DriverCommandExecutor.java:174)\r\n\tat org.openqa.selenium.remote.RemoteWebDriver.execute(RemoteWebDriver.java:518)\r\n\tat org.openqa.selenium.remote.ElementLocation$ElementFinder$2.findElement(ElementLocation.java:165)\r\n\tat org.openqa.selenium.remote.ElementLocation.findElement(ElementLocation.java:59)\r\n\tat org.openqa.selenium.remote.RemoteWebDriver.findElement(RemoteWebDriver.java:355)\r\n\tat org.openqa.selenium.remote.RemoteWebDriver.findElement(RemoteWebDriver.java:349)\r\n\tat org.openqa.selenium.support.pagefactory.DefaultElementLocator.findElement(DefaultElementLocator.java:68)\r\n\tat org.openqa.selenium.support.pagefactory.internal.LocatingElementHandler.invoke(LocatingElementHandler.java:38)\r\n\tat jdk.proxy2/jdk.proxy2.$Proxy20.getText(Unknown Source)\r\n\tat pageobjects.LoginPage.getErrorMessage(LoginPage.java:35)\r\n\tat stepdefinitions.LoginSteps.userShouldSeeTheErrorMessage(LoginSteps.java:33)\r\n\tat ✽.user should see the error message \"Login successful\"(file:///C:/Users/Fadhel/Documents/SQA/ujian-mgg-lima/src/test/resources/features/tcBcart.feature:6)\r\n","duration":14960100,"status":"failed"},"line":6,"name":"user should see the error message \"Login successful\"","match":{"arguments":[{"val":"\"Login successful\"","offset":34}],"location":"stepdefinitions.LoginSteps.userShouldSeeTheErrorMessage(java.lang.String)"},"keyword":"Then "},{"result":{"duration":997300,"status":"skipped"},"line":7,"name":"user adds two products to the cart","match":{"location":"stepdefinitions.CartSteps.userAddsTwoProductsToTheCart()"},"keyword":"When "},{"result":{"status":"skipped"},"line":8,"name":"user goes to the cart","match":{"location":"stepdefinitions.CartSteps.userGoesToTheCart()"},"keyword":"Then "}]}],"name":"Cart Feature","description":"","id":"cart-feature","keyword":"Feature","uri":"file:src/test/resources/features/tcBcart.feature","tags":[]},{"line":1,"elements":[{"start_timestamp":"2024-11-03T10:59:05.928Z","line":3,"name":"Successful Checkout","description":"","id":"checkout-feature;successful-checkout","type":"scenario","keyword":"Scenario","steps":[{"result":{"duration":5526603900,"status":"passed"},"line":4,"name":"user is on the login page","match":{"location":"stepdefinitions.LoginSteps.userIsOnTheLoginPage()"},"keyword":"Given "},{"result":{"duration":216285400,"status":"passed"},"line":5,"name":"user enters username \"standard_user\" and password \"secret_sauce\"","match":{"arguments":[{"val":"\"standard_user\"","offset":21},{"val":"\"secret_sauce\"","offset":50}],"location":"stepdefinitions.LoginSteps.userEntersUsernameAndPassword(java.lang.String,java.lang.String)"},"keyword":"When "},{"result":{"error_message":"org.openqa.selenium.NoSuchElementException: no such element: Unable to locate element: {\"method\":\"css selector\",\"selector\":\".error-message-container\"}\n  (Session info: MicrosoftEdge=130.0.2849.56)\nFor documentation on this error, please visit: https://www.selenium.dev/documentation/webdriver/troubleshooting/errors#no-such-element-exception\nBuild info: version: '4.20.0', revision: '866c76ca80'\nSystem info: os.name: 'Windows 10', os.arch: 'amd64', os.version: '10.0', java.version: '17.0.11'\nDriver info: org.openqa.selenium.edge.EdgeDriver\nCommand: [6ed1585220fcfd2e59d014a3a361f338, findElement {using=css selector, value=.error-message-container}]\nCapabilities {acceptInsecureCerts: false, browserName: MicrosoftEdge, browserVersion: 130.0.2849.56, fedcm:accounts: true, ms:edgeOptions: {debuggerAddress: localhost:50430}, msedge: {msedgedriverVersion: 130.0.2849.68 (ef504a70102b..., userDataDir: C:\\Users\\Fadhel\\AppData\\Loc...}, networkConnectionEnabled: false, pageLoadStrategy: normal, platformName: windows, proxy: Proxy(), se:cdp: ws://localhost:50430/devtoo..., se:cdpVersion: 130.0.2849.56, setWindowRect: true, strictFileInteractability: false, timeouts: {implicit: 0, pageLoad: 300000, script: 30000}, unhandledPromptBehavior: dismiss and notify, webauthn:extension:credBlob: true, webauthn:extension:largeBlob: true, webauthn:extension:minPinLength: true, webauthn:extension:prf: true, webauthn:virtualAuthenticators: true}\nSession ID: 6ed1585220fcfd2e59d014a3a361f338\r\n\tat java.base/jdk.internal.reflect.NativeConstructorAccessorImpl.newInstance0(Native Method)\r\n\tat java.base/jdk.internal.reflect.NativeConstructorAccessorImpl.newInstance(NativeConstructorAccessorImpl.java:77)\r\n\tat java.base/jdk.internal.reflect.DelegatingConstructorAccessorImpl.newInstance(DelegatingConstructorAccessorImpl.java:45)\r\n\tat java.base/java.lang.reflect.Constructor.newInstanceWithCaller(Constructor.java:499)\r\n\tat java.base/java.lang.reflect.Constructor.newInstance(Constructor.java:480)\r\n\tat org.openqa.selenium.remote.ErrorCodec.decode(ErrorCodec.java:167)\r\n\tat org.openqa.selenium.remote.codec.w3c.W3CHttpResponseCodec.decode(W3CHttpResponseCodec.java:138)\r\n\tat org.openqa.selenium.remote.codec.w3c.W3CHttpResponseCodec.decode(W3CHttpResponseCodec.java:50)\r\n\tat org.openqa.selenium.remote.HttpCommandExecutor.execute(HttpCommandExecutor.java:190)\r\n\tat org.openqa.selenium.remote.service.DriverCommandExecutor.invokeExecute(DriverCommandExecutor.java:216)\r\n\tat org.openqa.selenium.remote.service.DriverCommandExecutor.execute(DriverCommandExecutor.java:174)\r\n\tat org.openqa.selenium.remote.RemoteWebDriver.execute(RemoteWebDriver.java:518)\r\n\tat org.openqa.selenium.remote.ElementLocation$ElementFinder$2.findElement(ElementLocation.java:165)\r\n\tat org.openqa.selenium.remote.ElementLocation.findElement(ElementLocation.java:59)\r\n\tat org.openqa.selenium.remote.RemoteWebDriver.findElement(RemoteWebDriver.java:355)\r\n\tat org.openqa.selenium.remote.RemoteWebDriver.findElement(RemoteWebDriver.java:349)\r\n\tat org.openqa.selenium.support.pagefactory.DefaultElementLocator.findElement(DefaultElementLocator.java:68)\r\n\tat org.openqa.selenium.support.pagefactory.internal.LocatingElementHandler.invoke(LocatingElementHandler.java:38)\r\n\tat jdk.proxy2/jdk.proxy2.$Proxy20.getText(Unknown Source)\r\n\tat pageobjects.LoginPage.getErrorMessage(LoginPage.java:35)\r\n\tat stepdefinitions.LoginSteps.userShouldSeeTheErrorMessage(LoginSteps.java:33)\r\n\tat ✽.user should see the error message \"Login successful\"(file:///C:/Users/Fadhel/Documents/SQA/ujian-mgg-lima/src/test/resources/features/tcCcheckout.feature:6)\r\n","duration":14657800,"status":"failed"},"line":6,"name":"user should see the error message \"Login successful\"","match":{"arguments":[{"val":"\"Login successful\"","offset":34}],"location":"stepdefinitions.LoginSteps.userShouldSeeTheErrorMessage(java.lang.String)"},"keyword":"Then "},{"result":{"duration":997000,"status":"skipped"},"line":7,"name":"user checks out with first name \"John\", last name \"Doe\", and postal code \"12345\"","match":{"arguments":[{"val":"\"John\"","offset":32},{"val":"\"Doe\"","offset":50},{"val":"\"12345\"","offset":73}],"location":"stepdefinitions.CheckoutSteps.userChecksOutWithFirstNameLastNameAndPostalCode(java.lang.String,java.lang.String,java.lang.String)"},"keyword":"When "},{"result":{"status":"skipped"},"line":8,"name":"user should see checkout error message \"Checkout successful\"","match":{"arguments":[{"val":"\"Checkout successful\"","offset":39}],"location":"stepdefinitions.CheckoutSteps.userShouldSeeCheckoutErrorMessage(java.lang.String)"},"keyword":"Then "}]},{"start_timestamp":"2024-11-03T10:59:11.711Z","line":10,"name":"Checkout with Missing Postal Code","description":"","id":"checkout-feature;checkout-with-missing-postal-code","type":"scenario","keyword":"Scenario","steps":[{"result":{"duration":4953757700,"status":"passed"},"line":11,"name":"user is on the login page","match":{"location":"stepdefinitions.LoginSteps.userIsOnTheLoginPage()"},"keyword":"Given "},{"result":{"duration":1163752200,"status":"passed"},"line":12,"name":"user enters username \"standard_user\" and password \"secret_sauce\"","match":{"arguments":[{"val":"\"standard_user\"","offset":21},{"val":"\"secret_sauce\"","offset":50}],"location":"stepdefinitions.LoginSteps.userEntersUsernameAndPassword(java.lang.String,java.lang.String)"},"keyword":"When "},{"result":{"error_message":"org.openqa.selenium.NoSuchElementException: no such element: Unable to locate element: {\"method\":\"css selector\",\"selector\":\".error-message-container\"}\n  (Session info: MicrosoftEdge=130.0.2849.56)\nFor documentation on this error, please visit: https://www.selenium.dev/documentation/webdriver/troubleshooting/errors#no-such-element-exception\nBuild info: version: '4.20.0', revision: '866c76ca80'\nSystem info: os.name: 'Windows 10', os.arch: 'amd64', os.version: '10.0', java.version: '17.0.11'\nDriver info: org.openqa.selenium.edge.EdgeDriver\nCommand: [e6d8363b4a03376263364707b28a147b, findElement {using=css selector, value=.error-message-container}]\nCapabilities {acceptInsecureCerts: false, browserName: MicrosoftEdge, browserVersion: 130.0.2849.56, fedcm:accounts: true, ms:edgeOptions: {debuggerAddress: localhost:50500}, msedge: {msedgedriverVersion: 130.0.2849.68 (ef504a70102b..., userDataDir: C:\\Users\\Fadhel\\AppData\\Loc...}, networkConnectionEnabled: false, pageLoadStrategy: normal, platformName: windows, proxy: Proxy(), se:cdp: ws://localhost:50500/devtoo..., se:cdpVersion: 130.0.2849.56, setWindowRect: true, strictFileInteractability: false, timeouts: {implicit: 0, pageLoad: 300000, script: 30000}, unhandledPromptBehavior: dismiss and notify, webauthn:extension:credBlob: true, webauthn:extension:largeBlob: true, webauthn:extension:minPinLength: true, webauthn:extension:prf: true, webauthn:virtualAuthenticators: true}\nSession ID: e6d8363b4a03376263364707b28a147b\r\n\tat java.base/jdk.internal.reflect.NativeConstructorAccessorImpl.newInstance0(Native Method)\r\n\tat java.base/jdk.internal.reflect.NativeConstructorAccessorImpl.newInstance(NativeConstructorAccessorImpl.java:77)\r\n\tat java.base/jdk.internal.reflect.DelegatingConstructorAccessorImpl.newInstance(DelegatingConstructorAccessorImpl.java:45)\r\n\tat java.base/java.lang.reflect.Constructor.newInstanceWithCaller(Constructor.java:499)\r\n\tat java.base/java.lang.reflect.Constructor.newInstance(Constructor.java:480)\r\n\tat org.openqa.selenium.remote.ErrorCodec.decode(ErrorCodec.java:167)\r\n\tat org.openqa.selenium.remote.codec.w3c.W3CHttpResponseCodec.decode(W3CHttpResponseCodec.java:138)\r\n\tat org.openqa.selenium.remote.codec.w3c.W3CHttpResponseCodec.decode(W3CHttpResponseCodec.java:50)\r\n\tat org.openqa.selenium.remote.HttpCommandExecutor.execute(HttpCommandExecutor.java:190)\r\n\tat org.openqa.selenium.remote.service.DriverCommandExecutor.invokeExecute(DriverCommandExecutor.java:216)\r\n\tat org.openqa.selenium.remote.service.DriverCommandExecutor.execute(DriverCommandExecutor.java:174)\r\n\tat org.openqa.selenium.remote.RemoteWebDriver.execute(RemoteWebDriver.java:518)\r\n\tat org.openqa.selenium.remote.ElementLocation$ElementFinder$2.findElement(ElementLocation.java:165)\r\n\tat org.openqa.selenium.remote.ElementLocation.findElement(ElementLocation.java:59)\r\n\tat org.openqa.selenium.remote.RemoteWebDriver.findElement(RemoteWebDriver.java:355)\r\n\tat org.openqa.selenium.remote.RemoteWebDriver.findElement(RemoteWebDriver.java:349)\r\n\tat org.openqa.selenium.support.pagefactory.DefaultElementLocator.findElement(DefaultElementLocator.java:68)\r\n\tat org.openqa.selenium.support.pagefactory.internal.LocatingElementHandler.invoke(LocatingElementHandler.java:38)\r\n\tat jdk.proxy2/jdk.proxy2.$Proxy20.getText(Unknown Source)\r\n\tat pageobjects.LoginPage.getErrorMessage(LoginPage.java:35)\r\n\tat stepdefinitions.LoginSteps.userShouldSeeTheErrorMessage(LoginSteps.java:33)\r\n\tat ✽.user should see the error message \"Login successful\"(file:///C:/Users/Fadhel/Documents/SQA/ujian-mgg-lima/src/test/resources/features/tcCcheckout.feature:13)\r\n","duration":88762900,"status":"failed"},"line":13,"name":"user should see the error message \"Login successful\"","match":{"arguments":[{"val":"\"Login successful\"","offset":34}],"location":"stepdefinitions.LoginSteps.userShouldSeeTheErrorMessage(java.lang.String)"},"keyword":"Then "},{"result":{"status":"skipped"},"line":14,"name":"user checks out with first name \"John\", last name \"Doe\", and postal code \"\"","match":{"arguments":[{"val":"\"John\"","offset":32},{"val":"\"Doe\"","offset":50},{"val":"\"\"","offset":73}],"location":"stepdefinitions.CheckoutSteps.userChecksOutWithFirstNameLastNameAndPostalCode(java.lang.String,java.lang.String,java.lang.String)"},"keyword":"When "},{"result":{"status":"skipped"},"line":15,"name":"user should see checkout error message \"Postal code is required\"","match":{"arguments":[{"val":"\"Postal code is required\"","offset":39}],"location":"stepdefinitions.CheckoutSteps.userShouldSeeCheckoutErrorMessage(java.lang.String)"},"keyword":"Then "}]}],"name":"Checkout Feature","description":"","id":"checkout-feature","keyword":"Feature","uri":"file:src/test/resources/features/tcCcheckout.feature","tags":[]}]